<?xml version="1.0" encoding="UTF-8"?>
<!-- Generated by org.testng.reporters.JUnitReportReporter -->
<testsuite skipped="0" hostname="LAPTOP-FJTFK8CC" name="tests.BaseClass" tests="1" failures="0" timestamp="2020-09-03T17:45:51 BST" time="0.007" errors="0">
  <testcase name="sampleTest" time="0.007" classname="tests.BaseClass"/>
  <system-out/>
</testsuite> <!-- tests.BaseClass -->
