<?xml version="1.0" encoding="UTF-8"?>
<!-- Generated by org.testng.reporters.JUnitReportReporter -->
<testsuite hostname="Mohammads-MBP.lan" failures="0" tests="1" name="tests.Sign_out_Gmail" time="69.592" errors="0" timestamp="2021-05-05T14:03:14 BST" skipped="0">
  <testcase classname="tests.Sign_out_Gmail" name="Remove_Google_Account" time="69.592"/>
  <system-out/>
</testsuite> <!-- tests.Sign_out_Gmail -->
