<?xml version="1.0" encoding="UTF-8"?>
<!-- Generated by org.testng.reporters.JUnitReportReporter -->
<testsuite skipped="3" hostname="LAPTOP-FJTFK8CC" name="tests.Airplane_Mode" tests="4" failures="0" timestamp="2021-02-19T09:06:07 GMT" time="0.053" errors="1">
  <testcase name="SP169_AeroplaneModeOff" time="0.000" classname="tests.Airplane_Mode">
    <skipped/>
  </testcase> <!-- SP169_AeroplaneModeOff -->
  <system-out/>
  <testcase name="AirplaneModeOnOffFromQuickSettings" time="0.000" classname="tests.Airplane_Mode">
    <skipped/>
  </testcase> <!-- AirplaneModeOnOffFromQuickSettings -->
  <system-out/>
  <testcase name="SP168_AeroplaneModeOn" time="0.000" classname="tests.Airplane_Mode">
    <skipped/>
  </testcase> <!-- SP168_AeroplaneModeOn -->
  <system-out/>
  <testcase name="IO_Pro_Settings_Setup" time="0.053" classname="tests.Airplane_Mode">
    <error type="java.lang.Error" message="Unresolved compilation problem: 
	Unhandled exception type IOException
">
      <![CDATA[java.lang.Error: Unresolved compilation problem: 
Unhandled exception type IOException

at tests.system_shared_libs.startServer(system_shared_libs.java:14)
at tests.Capabilities.IO_Pro_Settings_Setup(Capabilities.java:28)
at sun.reflect.NativeMethodAccessorImpl.invoke0(Native Method)
at sun.reflect.NativeMethodAccessorImpl.invoke(NativeMethodAccessorImpl.java:62)
at sun.reflect.DelegatingMethodAccessorImpl.invoke(DelegatingMethodAccessorImpl.java:43)
at java.lang.reflect.Method.invoke(Method.java:498)
at org.testng.internal.MethodInvocationHelper.invokeMethod(MethodInvocationHelper.java:134)
at org.testng.internal.MethodInvocationHelper.invokeMethodConsideringTimeout(MethodInvocationHelper.java:63)
at org.testng.internal.ConfigInvoker.invokeConfigurationMethod(ConfigInvoker.java:348)
at org.testng.internal.ConfigInvoker.invokeConfigurations(ConfigInvoker.java:302)
at org.testng.TestRunner.invokeTestConfigurations(TestRunner.java:619)
at org.testng.TestRunner.beforeRun(TestRunner.java:609)
at org.testng.TestRunner.run(TestRunner.java:580)
at org.testng.SuiteRunner.runTest(SuiteRunner.java:384)
at org.testng.SuiteRunner.runSequentially(SuiteRunner.java:378)
at org.testng.SuiteRunner.privateRun(SuiteRunner.java:337)
at org.testng.SuiteRunner.run(SuiteRunner.java:286)
at org.testng.SuiteRunnerWorker.runSuite(SuiteRunnerWorker.java:53)
at org.testng.SuiteRunnerWorker.run(SuiteRunnerWorker.java:96)
at org.testng.TestNG.runSuitesSequentially(TestNG.java:1187)
at org.testng.TestNG.runSuitesLocally(TestNG.java:1109)
at org.testng.TestNG.runSuites(TestNG.java:1039)
at org.testng.TestNG.run(TestNG.java:1007)
at org.testng.remote.AbstractRemoteTestNG.run(AbstractRemoteTestNG.java:115)
at org.testng.remote.RemoteTestNG.initAndRun(RemoteTestNG.java:251)
at org.testng.remote.RemoteTestNG.main(RemoteTestNG.java:77)
]]>
    </error>
  </testcase> <!-- IO_Pro_Settings_Setup -->
  <system-out/>
</testsuite> <!-- tests.Airplane_Mode -->
