<?xml version="1.0" encoding="UTF-8"?>
<!-- Generated by org.testng.reporters.JUnitReportReporter -->
<testsuite skipped="0" hostname="LAPTOP-FJTFK8CC" name="tests.Camera3D_AgreeReminder" tests="1" failures="0" timestamp="2020-10-08T14:15:48 BST" time="19.170" errors="0">
  <testcase name="sampleTest" time="19.170" classname="tests.Camera3D_AgreeReminder"/>
  <system-out/>
</testsuite> <!-- tests.Camera3D_AgreeReminder -->
