<?xml version="1.0" encoding="UTF-8"?>
<!-- Generated by org.testng.reporters.JUnitReportReporter -->
<testsuite hostname="Mohammads-MBP" failures="0" tests="1" name="tests.AddLanguage" time="38.204" errors="0" timestamp="2021-06-17T11:25:01 BST" skipped="0">
  <testcase classname="tests.AddLanguage" name="sampleTest" time="38.204"/>
  <system-out/>
</testsuite> <!-- tests.AddLanguage -->
